[0.006s] Invoking command in '/fourier-sim/ros_ws/build/h1_fullbody_controller': CMAKE_PREFIX_PATH=${CMAKE_PREFIX_PATH}:/opt/ros/jazzy /usr/bin/cmake --build /fourier-sim/ros_ws/build/h1_fullbody_controller -- -j16 -l16
[0.032s] Invoked command in '/fourier-sim/ros_ws/build/h1_fullbody_controller' returned '0': CMAKE_PREFIX_PATH=${CMAKE_PREFIX_PATH}:/opt/ros/jazzy /usr/bin/cmake --build /fourier-sim/ros_ws/build/h1_fullbody_controller -- -j16 -l16
[0.038s] Invoking command in '/fourier-sim/ros_ws/build/h1_fullbody_controller': CMAKE_PREFIX_PATH=${CMAKE_PREFIX_PATH}:/opt/ros/jazzy /usr/bin/cmake --install /fourier-sim/ros_ws/build/h1_fullbody_controller
[0.043s] -- Install configuration: ""
[0.043s] -- Up-to-date: /fourier-sim/ros_ws/install/h1_fullbody_controller/share/h1_fullbody_controller/scripts
[0.043s] -- Up-to-date: /fourier-sim/ros_ws/install/h1_fullbody_controller/share/h1_fullbody_controller/scripts/__init__.py
[0.043s] -- Up-to-date: /fourier-sim/ros_ws/install/h1_fullbody_controller/share/h1_fullbody_controller/scripts/h1_fullbody_controller.py
[0.043s] -- Up-to-date: /fourier-sim/ros_ws/install/h1_fullbody_controller/share/h1_fullbody_controller/launch
[0.043s] -- Up-to-date: /fourier-sim/ros_ws/install/h1_fullbody_controller/share/h1_fullbody_controller/launch/h1_fullbody_controller.launch.py
[0.043s] -- Up-to-date: /fourier-sim/ros_ws/install/h1_fullbody_controller/share/h1_fullbody_controller/policy
[0.043s] -- Up-to-date: /fourier-sim/ros_ws/install/h1_fullbody_controller/share/h1_fullbody_controller/policy/h1_policy.pt
[0.043s] -- Up-to-date: /fourier-sim/ros_ws/install/h1_fullbody_controller/share/h1_fullbody_controller/policy/h1_env.yaml
[0.043s] -- Up-to-date: /fourier-sim/ros_ws/install/h1_fullbody_controller/lib/h1_fullbody_controller/h1_fullbody_controller.py
[0.043s] -- Up-to-date: /fourier-sim/ros_ws/install/h1_fullbody_controller/share/ament_index/resource_index/package_run_dependencies/h1_fullbody_controller
[0.043s] -- Up-to-date: /fourier-sim/ros_ws/install/h1_fullbody_controller/share/ament_index/resource_index/parent_prefix_path/h1_fullbody_controller
[0.044s] -- Up-to-date: /fourier-sim/ros_ws/install/h1_fullbody_controller/share/h1_fullbody_controller/environment/ament_prefix_path.sh
[0.044s] -- Up-to-date: /fourier-sim/ros_ws/install/h1_fullbody_controller/share/h1_fullbody_controller/environment/ament_prefix_path.dsv
[0.044s] -- Up-to-date: /fourier-sim/ros_ws/install/h1_fullbody_controller/share/h1_fullbody_controller/environment/path.sh
[0.044s] -- Up-to-date: /fourier-sim/ros_ws/install/h1_fullbody_controller/share/h1_fullbody_controller/environment/path.dsv
[0.044s] -- Up-to-date: /fourier-sim/ros_ws/install/h1_fullbody_controller/share/h1_fullbody_controller/local_setup.bash
[0.044s] -- Up-to-date: /fourier-sim/ros_ws/install/h1_fullbody_controller/share/h1_fullbody_controller/local_setup.sh
[0.044s] -- Up-to-date: /fourier-sim/ros_ws/install/h1_fullbody_controller/share/h1_fullbody_controller/local_setup.zsh
[0.044s] -- Up-to-date: /fourier-sim/ros_ws/install/h1_fullbody_controller/share/h1_fullbody_controller/local_setup.dsv
[0.044s] -- Up-to-date: /fourier-sim/ros_ws/install/h1_fullbody_controller/share/h1_fullbody_controller/package.dsv
[0.044s] -- Up-to-date: /fourier-sim/ros_ws/install/h1_fullbody_controller/share/ament_index/resource_index/packages/h1_fullbody_controller
[0.044s] -- Up-to-date: /fourier-sim/ros_ws/install/h1_fullbody_controller/share/h1_fullbody_controller/cmake/h1_fullbody_controllerConfig.cmake
[0.044s] -- Up-to-date: /fourier-sim/ros_ws/install/h1_fullbody_controller/share/h1_fullbody_controller/cmake/h1_fullbody_controllerConfig-version.cmake
[0.044s] -- Up-to-date: /fourier-sim/ros_ws/install/h1_fullbody_controller/share/h1_fullbody_controller/package.xml
[0.045s] Invoked command in '/fourier-sim/ros_ws/build/h1_fullbody_controller' returned '0': CMAKE_PREFIX_PATH=${CMAKE_PREFIX_PATH}:/opt/ros/jazzy /usr/bin/cmake --install /fourier-sim/ros_ws/build/h1_fullbody_controller
