[0.005s] Invoking command in '/workspace/fourier-sim/ros_ws/build/ros_fourier': CMAKE_PREFIX_PATH=/opt/ros/humble /usr/bin/cmake /workspace/fourier-sim/ros_ws/src/ros_fourier -DCMAKE_INSTALL_PREFIX=/workspace/fourier-sim/ros_ws/install/ros_fourier
[0.073s] -- The C compiler identification is GNU 11.4.0
[0.131s] -- The CXX compiler identification is GNU 11.4.0
[0.137s] -- Detecting C compiler ABI info
[0.194s] -- Detecting C compiler ABI info - done
[0.198s] -- Check for working C compiler: /usr/bin/cc - skipped
[0.198s] -- Detecting C compile features
[0.199s] -- Detecting C compile features - done
[0.202s] -- Detecting CXX compiler ABI info
[0.274s] -- Detecting CXX compiler ABI info - done
[0.278s] -- Check for working CXX compiler: /usr/bin/c++ - skipped
[0.278s] -- Detecting CXX compile features
[0.278s] -- Detecting CXX compile features - done
[0.282s] -- Found ament_cmake: 1.3.12 (/opt/ros/humble/share/ament_cmake/cmake)
[0.379s] -- Found Python3: /usr/bin/python3 (found version "3.10.12") found components: Interpreter 
[0.439s] -- Found ament_lint_auto: 0.12.14 (/opt/ros/humble/share/ament_lint_auto/cmake)
[0.487s] -- Added test 'lint_cmake' to check CMake code style
[0.487s] -- Added test 'xmllint' to check XML markup files
[0.488s] -- Configuring done
[0.490s] -- Generating done
[0.491s] -- Build files have been written to: /workspace/fourier-sim/ros_ws/build/ros_fourier
[0.493s] Invoked command in '/workspace/fourier-sim/ros_ws/build/ros_fourier' returned '0': CMAKE_PREFIX_PATH=/opt/ros/humble /usr/bin/cmake /workspace/fourier-sim/ros_ws/src/ros_fourier -DCMAKE_INSTALL_PREFIX=/workspace/fourier-sim/ros_ws/install/ros_fourier
[0.494s] Invoking command in '/workspace/fourier-sim/ros_ws/build/ros_fourier': CMAKE_PREFIX_PATH=/opt/ros/humble /usr/bin/cmake --build /workspace/fourier-sim/ros_ws/build/ros_fourier -- -j16 -l16
[0.515s] Invoked command in '/workspace/fourier-sim/ros_ws/build/ros_fourier' returned '0': CMAKE_PREFIX_PATH=/opt/ros/humble /usr/bin/cmake --build /workspace/fourier-sim/ros_ws/build/ros_fourier -- -j16 -l16
[0.522s] Invoking command in '/workspace/fourier-sim/ros_ws/build/ros_fourier': CMAKE_PREFIX_PATH=/opt/ros/humble /usr/bin/cmake --install /workspace/fourier-sim/ros_ws/build/ros_fourier
[0.528s] -- Install configuration: ""
[0.528s] -- Installing: /workspace/fourier-sim/ros_ws/install/ros_fourier/share/ament_index/resource_index/package_run_dependencies/ros_fourier
[0.528s] -- Installing: /workspace/fourier-sim/ros_ws/install/ros_fourier/share/ament_index/resource_index/parent_prefix_path/ros_fourier
[0.528s] -- Installing: /workspace/fourier-sim/ros_ws/install/ros_fourier/share/ros_fourier/environment/ament_prefix_path.sh
[0.528s] -- Installing: /workspace/fourier-sim/ros_ws/install/ros_fourier/share/ros_fourier/environment/ament_prefix_path.dsv
[0.528s] -- Installing: /workspace/fourier-sim/ros_ws/install/ros_fourier/share/ros_fourier/environment/path.sh
[0.528s] -- Installing: /workspace/fourier-sim/ros_ws/install/ros_fourier/share/ros_fourier/environment/path.dsv
[0.529s] -- Installing: /workspace/fourier-sim/ros_ws/install/ros_fourier/share/ros_fourier/local_setup.bash
[0.529s] -- Installing: /workspace/fourier-sim/ros_ws/install/ros_fourier/share/ros_fourier/local_setup.sh
[0.529s] -- Installing: /workspace/fourier-sim/ros_ws/install/ros_fourier/share/ros_fourier/local_setup.zsh
[0.529s] -- Installing: /workspace/fourier-sim/ros_ws/install/ros_fourier/share/ros_fourier/local_setup.dsv
[0.529s] -- Installing: /workspace/fourier-sim/ros_ws/install/ros_fourier/share/ros_fourier/package.dsv
[0.529s] -- Installing: /workspace/fourier-sim/ros_ws/install/ros_fourier/share/ament_index/resource_index/packages/ros_fourier
[0.529s] -- Installing: /workspace/fourier-sim/ros_ws/install/ros_fourier/share/ros_fourier/cmake/ros_fourierConfig.cmake
[0.529s] -- Installing: /workspace/fourier-sim/ros_ws/install/ros_fourier/share/ros_fourier/cmake/ros_fourierConfig-version.cmake
[0.529s] -- Installing: /workspace/fourier-sim/ros_ws/install/ros_fourier/share/ros_fourier/package.xml
[0.531s] Invoked command in '/workspace/fourier-sim/ros_ws/build/ros_fourier' returned '0': CMAKE_PREFIX_PATH=/opt/ros/humble /usr/bin/cmake --install /workspace/fourier-sim/ros_ws/build/ros_fourier
