[0.074s] DEBUG:colcon:Command line arguments: ['/usr/bin/colcon', 'build']
[0.074s] DEBUG:colcon:Parsed command line arguments: Namespace(log_base=None, log_level=None, verb_name='build', build_base='build', install_base='install', merge_install=False, symlink_install=False, test_result_base=None, continue_on_error=False, executor='parallel', parallel_workers=16, event_handlers=None, ignore_user_meta=False, metas=['./colcon.meta'], base_paths=['.'], packages_ignore=None, packages_ignore_regex=None, paths=None, packages_up_to=None, packages_up_to_regex=None, packages_above=None, packages_above_and_dependencies=None, packages_above_depth=None, packages_select_by_dep=None, packages_skip_by_dep=None, packages_skip_up_to=None, packages_select_build_failed=False, packages_skip_build_finished=False, packages_select_test_failures=False, packages_skip_test_passed=False, packages_select=None, packages_skip=None, packages_select_regex=None, packages_skip_regex=None, packages_start=None, packages_end=None, allow_overriding=[], cmake_args=None, cmake_target=None, cmake_target_skip_unavailable=False, cmake_clean_cache=False, cmake_clean_first=False, cmake_force_configure=False, ament_cmake_args=None, catkin_cmake_args=None, catkin_skip_building_tests=False, verb_parser=<colcon_defaults.argument_parser.defaults.DefaultArgumentsDecorator object at 0x7644ae0d2350>, verb_extension=<colcon_core.verb.build.BuildVerb object at 0x7644ae0d1f00>, main=<bound method BuildVerb.main of <colcon_core.verb.build.BuildVerb object at 0x7644ae0d1f00>>)
[0.187s] Level 1:colcon.colcon_core.package_discovery:discover_packages(colcon_meta) check parameters
[0.188s] Level 1:colcon.colcon_core.package_discovery:discover_packages(recursive) check parameters
[0.188s] Level 1:colcon.colcon_core.package_discovery:discover_packages(ignore) check parameters
[0.188s] Level 1:colcon.colcon_core.package_discovery:discover_packages(path) check parameters
[0.188s] Level 1:colcon.colcon_core.package_discovery:discover_packages(colcon_meta) discover
[0.188s] Level 1:colcon.colcon_core.package_discovery:discover_packages(recursive) discover
[0.188s] INFO:colcon.colcon_core.package_discovery:Crawling recursively for packages in '/workspace/fourier-sim/ros_ws'
[0.188s] Level 1:colcon.colcon_core.package_identification:_identify(.) by extensions ['ignore', 'ignore_ament_install']
[0.188s] Level 1:colcon.colcon_core.package_identification:_identify(.) by extension 'ignore'
[0.188s] Level 1:colcon.colcon_core.package_identification:_identify(.) by extension 'ignore_ament_install'
[0.188s] Level 1:colcon.colcon_core.package_identification:_identify(.) by extensions ['colcon_pkg']
[0.188s] Level 1:colcon.colcon_core.package_identification:_identify(.) by extension 'colcon_pkg'
[0.188s] Level 1:colcon.colcon_core.package_identification:_identify(.) by extensions ['colcon_meta']
[0.188s] Level 1:colcon.colcon_core.package_identification:_identify(.) by extension 'colcon_meta'
[0.188s] Level 1:colcon.colcon_core.package_identification:_identify(.) by extensions ['ros']
[0.188s] Level 1:colcon.colcon_core.package_identification:_identify(.) by extension 'ros'
[0.194s] Level 1:colcon.colcon_core.package_identification:_identify(.) by extensions ['cmake', 'python']
[0.194s] Level 1:colcon.colcon_core.package_identification:_identify(.) by extension 'cmake'
[0.195s] Level 1:colcon.colcon_core.package_identification:_identify(.) by extension 'python'
[0.195s] Level 1:colcon.colcon_core.package_identification:_identify(.) by extensions ['python_setup_py']
[0.195s] Level 1:colcon.colcon_core.package_identification:_identify(.) by extension 'python_setup_py'
[0.195s] Level 1:colcon.colcon_core.package_identification:_identify(build) by extensions ['ignore', 'ignore_ament_install']
[0.195s] Level 1:colcon.colcon_core.package_identification:_identify(build) by extension 'ignore'
[0.195s] Level 1:colcon.colcon_core.package_identification:_identify(build) ignored
[0.195s] Level 1:colcon.colcon_core.package_identification:_identify(install) by extensions ['ignore', 'ignore_ament_install']
[0.195s] Level 1:colcon.colcon_core.package_identification:_identify(install) by extension 'ignore'
[0.195s] Level 1:colcon.colcon_core.package_identification:_identify(install) ignored
[0.195s] Level 1:colcon.colcon_core.package_identification:_identify(log) by extensions ['ignore', 'ignore_ament_install']
[0.195s] Level 1:colcon.colcon_core.package_identification:_identify(log) by extension 'ignore'
[0.195s] Level 1:colcon.colcon_core.package_identification:_identify(log) ignored
[0.195s] Level 1:colcon.colcon_core.package_identification:_identify(src) by extensions ['ignore', 'ignore_ament_install']
[0.195s] Level 1:colcon.colcon_core.package_identification:_identify(src) by extension 'ignore'
[0.195s] Level 1:colcon.colcon_core.package_identification:_identify(src) by extension 'ignore_ament_install'
[0.195s] Level 1:colcon.colcon_core.package_identification:_identify(src) by extensions ['colcon_pkg']
[0.195s] Level 1:colcon.colcon_core.package_identification:_identify(src) by extension 'colcon_pkg'
[0.195s] Level 1:colcon.colcon_core.package_identification:_identify(src) by extensions ['colcon_meta']
[0.195s] Level 1:colcon.colcon_core.package_identification:_identify(src) by extension 'colcon_meta'
[0.195s] Level 1:colcon.colcon_core.package_identification:_identify(src) by extensions ['ros']
[0.195s] Level 1:colcon.colcon_core.package_identification:_identify(src) by extension 'ros'
[0.195s] Level 1:colcon.colcon_core.package_identification:_identify(src) by extensions ['cmake', 'python']
[0.195s] Level 1:colcon.colcon_core.package_identification:_identify(src) by extension 'cmake'
[0.195s] Level 1:colcon.colcon_core.package_identification:_identify(src) by extension 'python'
[0.195s] Level 1:colcon.colcon_core.package_identification:_identify(src) by extensions ['python_setup_py']
[0.195s] Level 1:colcon.colcon_core.package_identification:_identify(src) by extension 'python_setup_py'
[0.195s] Level 1:colcon.colcon_core.package_identification:_identify(src/ros_fourier) by extensions ['ignore', 'ignore_ament_install']
[0.195s] Level 1:colcon.colcon_core.package_identification:_identify(src/ros_fourier) by extension 'ignore'
[0.195s] Level 1:colcon.colcon_core.package_identification:_identify(src/ros_fourier) by extension 'ignore_ament_install'
[0.195s] Level 1:colcon.colcon_core.package_identification:_identify(src/ros_fourier) by extensions ['colcon_pkg']
[0.196s] Level 1:colcon.colcon_core.package_identification:_identify(src/ros_fourier) by extension 'colcon_pkg'
[0.196s] Level 1:colcon.colcon_core.package_identification:_identify(src/ros_fourier) by extensions ['colcon_meta']
[0.196s] Level 1:colcon.colcon_core.package_identification:_identify(src/ros_fourier) by extension 'colcon_meta'
[0.196s] Level 1:colcon.colcon_core.package_identification:_identify(src/ros_fourier) by extensions ['ros']
[0.196s] Level 1:colcon.colcon_core.package_identification:_identify(src/ros_fourier) by extension 'ros'
[0.197s] DEBUG:colcon.colcon_core.package_identification:Package 'src/ros_fourier' with type 'ros.ament_cmake' and name 'ros_fourier'
[0.197s] Level 1:colcon.colcon_core.package_discovery:discover_packages(recursive) using defaults
[0.197s] Level 1:colcon.colcon_core.package_discovery:discover_packages(ignore) discover
[0.197s] Level 1:colcon.colcon_core.package_discovery:discover_packages(ignore) using defaults
[0.197s] Level 1:colcon.colcon_core.package_discovery:discover_packages(path) discover
[0.197s] Level 1:colcon.colcon_core.package_discovery:discover_packages(path) using defaults
[0.209s] Level 1:colcon.colcon_core.package_discovery:discover_packages(prefix_path) check parameters
[0.209s] Level 1:colcon.colcon_core.package_discovery:discover_packages(prefix_path) discover
[0.210s] DEBUG:colcon.colcon_installed_package_information.package_discovery:Found 277 installed packages in /opt/ros/humble
[0.211s] Level 1:colcon.colcon_core.package_discovery:discover_packages(prefix_path) using defaults
[0.237s] Level 5:colcon.colcon_core.verb:set package 'ros_fourier' build argument 'cmake_args' from command line to 'None'
[0.238s] Level 5:colcon.colcon_core.verb:set package 'ros_fourier' build argument 'cmake_target' from command line to 'None'
[0.238s] Level 5:colcon.colcon_core.verb:set package 'ros_fourier' build argument 'cmake_target_skip_unavailable' from command line to 'False'
[0.238s] Level 5:colcon.colcon_core.verb:set package 'ros_fourier' build argument 'cmake_clean_cache' from command line to 'False'
[0.238s] Level 5:colcon.colcon_core.verb:set package 'ros_fourier' build argument 'cmake_clean_first' from command line to 'False'
[0.238s] Level 5:colcon.colcon_core.verb:set package 'ros_fourier' build argument 'cmake_force_configure' from command line to 'False'
[0.238s] Level 5:colcon.colcon_core.verb:set package 'ros_fourier' build argument 'ament_cmake_args' from command line to 'None'
[0.238s] Level 5:colcon.colcon_core.verb:set package 'ros_fourier' build argument 'catkin_cmake_args' from command line to 'None'
[0.238s] Level 5:colcon.colcon_core.verb:set package 'ros_fourier' build argument 'catkin_skip_building_tests' from command line to 'False'
[0.238s] DEBUG:colcon.colcon_core.verb:Building package 'ros_fourier' with the following arguments: {'ament_cmake_args': None, 'build_base': '/workspace/fourier-sim/ros_ws/build/ros_fourier', 'catkin_cmake_args': None, 'catkin_skip_building_tests': False, 'cmake_args': None, 'cmake_clean_cache': False, 'cmake_clean_first': False, 'cmake_force_configure': False, 'cmake_target': None, 'cmake_target_skip_unavailable': False, 'install_base': '/workspace/fourier-sim/ros_ws/install/ros_fourier', 'merge_install': False, 'path': '/workspace/fourier-sim/ros_ws/src/ros_fourier', 'symlink_install': False, 'test_result_base': None}
[0.238s] INFO:colcon.colcon_core.executor:Executing jobs using 'parallel' executor
[0.238s] DEBUG:colcon.colcon_parallel_executor.executor.parallel:run_until_complete
[0.239s] INFO:colcon.colcon_ros.task.ament_cmake.build:Building ROS package in '/workspace/fourier-sim/ros_ws/src/ros_fourier' with build type 'ament_cmake'
[0.239s] INFO:colcon.colcon_cmake.task.cmake.build:Building CMake package in '/workspace/fourier-sim/ros_ws/src/ros_fourier'
[0.240s] INFO:colcon.colcon_core.plugin_system:Skipping extension 'colcon_core.shell.bat': Not used on non-Windows systems
[0.240s] INFO:colcon.colcon_core.shell:Skip shell extension 'powershell' for command environment: Not usable outside of PowerShell
[0.240s] DEBUG:colcon.colcon_core.shell:Skip shell extension 'dsv' for command environment
[0.244s] DEBUG:colcon.colcon_core.event_handler.log_command:Invoking command in '/workspace/fourier-sim/ros_ws/build/ros_fourier': CMAKE_PREFIX_PATH=/opt/ros/humble /usr/bin/cmake /workspace/fourier-sim/ros_ws/src/ros_fourier -DCMAKE_INSTALL_PREFIX=/workspace/fourier-sim/ros_ws/install/ros_fourier
[0.732s] DEBUG:colcon.colcon_core.event_handler.log_command:Invoked command in '/workspace/fourier-sim/ros_ws/build/ros_fourier' returned '0': CMAKE_PREFIX_PATH=/opt/ros/humble /usr/bin/cmake /workspace/fourier-sim/ros_ws/src/ros_fourier -DCMAKE_INSTALL_PREFIX=/workspace/fourier-sim/ros_ws/install/ros_fourier
[0.733s] DEBUG:colcon.colcon_core.event_handler.log_command:Invoking command in '/workspace/fourier-sim/ros_ws/build/ros_fourier': CMAKE_PREFIX_PATH=/opt/ros/humble /usr/bin/cmake --build /workspace/fourier-sim/ros_ws/build/ros_fourier -- -j16 -l16
[0.754s] DEBUG:colcon.colcon_core.event_handler.log_command:Invoked command in '/workspace/fourier-sim/ros_ws/build/ros_fourier' returned '0': CMAKE_PREFIX_PATH=/opt/ros/humble /usr/bin/cmake --build /workspace/fourier-sim/ros_ws/build/ros_fourier -- -j16 -l16
[0.761s] DEBUG:colcon.colcon_core.event_handler.log_command:Invoking command in '/workspace/fourier-sim/ros_ws/build/ros_fourier': CMAKE_PREFIX_PATH=/opt/ros/humble /usr/bin/cmake --install /workspace/fourier-sim/ros_ws/build/ros_fourier
[0.769s] Level 1:colcon.colcon_core.environment:create_environment_scripts_only(ros_fourier)
[0.770s] DEBUG:colcon.colcon_core.event_handler.log_command:Invoked command in '/workspace/fourier-sim/ros_ws/build/ros_fourier' returned '0': CMAKE_PREFIX_PATH=/opt/ros/humble /usr/bin/cmake --install /workspace/fourier-sim/ros_ws/build/ros_fourier
[0.771s] Level 1:colcon.colcon_core.environment:checking '/workspace/fourier-sim/ros_ws/install/ros_fourier' for CMake module files
[0.771s] Level 1:colcon.colcon_core.environment:checking '/workspace/fourier-sim/ros_ws/install/ros_fourier' for CMake config files
[0.771s] Level 1:colcon.colcon_core.shell:create_environment_hook('ros_fourier', 'cmake_prefix_path')
[0.772s] INFO:colcon.colcon_core.shell:Creating environment hook '/workspace/fourier-sim/ros_ws/install/ros_fourier/share/ros_fourier/hook/cmake_prefix_path.ps1'
[0.772s] INFO:colcon.colcon_core.shell:Creating environment descriptor '/workspace/fourier-sim/ros_ws/install/ros_fourier/share/ros_fourier/hook/cmake_prefix_path.dsv'
[0.772s] INFO:colcon.colcon_core.shell:Creating environment hook '/workspace/fourier-sim/ros_ws/install/ros_fourier/share/ros_fourier/hook/cmake_prefix_path.sh'
[0.773s] Level 1:colcon.colcon_core.environment:checking '/workspace/fourier-sim/ros_ws/install/ros_fourier/bin'
[0.773s] Level 1:colcon.colcon_core.environment:checking '/workspace/fourier-sim/ros_ws/install/ros_fourier/lib/pkgconfig/ros_fourier.pc'
[0.773s] Level 1:colcon.colcon_core.environment:checking '/workspace/fourier-sim/ros_ws/install/ros_fourier/lib/python3.10/site-packages'
[0.773s] Level 1:colcon.colcon_core.environment:checking '/workspace/fourier-sim/ros_ws/install/ros_fourier/bin'
[0.773s] INFO:colcon.colcon_core.shell:Creating package script '/workspace/fourier-sim/ros_ws/install/ros_fourier/share/ros_fourier/package.ps1'
[0.774s] INFO:colcon.colcon_core.shell:Creating package descriptor '/workspace/fourier-sim/ros_ws/install/ros_fourier/share/ros_fourier/package.dsv'
[0.774s] INFO:colcon.colcon_core.shell:Creating package script '/workspace/fourier-sim/ros_ws/install/ros_fourier/share/ros_fourier/package.sh'
[0.774s] INFO:colcon.colcon_core.shell:Creating package script '/workspace/fourier-sim/ros_ws/install/ros_fourier/share/ros_fourier/package.bash'
[0.775s] INFO:colcon.colcon_core.shell:Creating package script '/workspace/fourier-sim/ros_ws/install/ros_fourier/share/ros_fourier/package.zsh'
[0.775s] Level 1:colcon.colcon_core.environment:create_file_with_runtime_dependencies(/workspace/fourier-sim/ros_ws/install/ros_fourier/share/colcon-core/packages/ros_fourier)
[0.776s] Level 1:colcon.colcon_core.environment:create_environment_scripts_only(ros_fourier)
[0.776s] Level 1:colcon.colcon_core.environment:checking '/workspace/fourier-sim/ros_ws/install/ros_fourier' for CMake module files
[0.776s] Level 1:colcon.colcon_core.environment:checking '/workspace/fourier-sim/ros_ws/install/ros_fourier' for CMake config files
[0.776s] Level 1:colcon.colcon_core.shell:create_environment_hook('ros_fourier', 'cmake_prefix_path')
[0.776s] INFO:colcon.colcon_core.shell:Creating environment hook '/workspace/fourier-sim/ros_ws/install/ros_fourier/share/ros_fourier/hook/cmake_prefix_path.ps1'
[0.776s] INFO:colcon.colcon_core.shell:Creating environment descriptor '/workspace/fourier-sim/ros_ws/install/ros_fourier/share/ros_fourier/hook/cmake_prefix_path.dsv'
[0.777s] INFO:colcon.colcon_core.shell:Creating environment hook '/workspace/fourier-sim/ros_ws/install/ros_fourier/share/ros_fourier/hook/cmake_prefix_path.sh'
[0.777s] Level 1:colcon.colcon_core.environment:checking '/workspace/fourier-sim/ros_ws/install/ros_fourier/bin'
[0.777s] Level 1:colcon.colcon_core.environment:checking '/workspace/fourier-sim/ros_ws/install/ros_fourier/lib/pkgconfig/ros_fourier.pc'
[0.777s] Level 1:colcon.colcon_core.environment:checking '/workspace/fourier-sim/ros_ws/install/ros_fourier/lib/python3.10/site-packages'
[0.777s] Level 1:colcon.colcon_core.environment:checking '/workspace/fourier-sim/ros_ws/install/ros_fourier/bin'
[0.777s] INFO:colcon.colcon_core.shell:Creating package script '/workspace/fourier-sim/ros_ws/install/ros_fourier/share/ros_fourier/package.ps1'
[0.778s] INFO:colcon.colcon_core.shell:Creating package descriptor '/workspace/fourier-sim/ros_ws/install/ros_fourier/share/ros_fourier/package.dsv'
[0.778s] INFO:colcon.colcon_core.shell:Creating package script '/workspace/fourier-sim/ros_ws/install/ros_fourier/share/ros_fourier/package.sh'
[0.778s] INFO:colcon.colcon_core.shell:Creating package script '/workspace/fourier-sim/ros_ws/install/ros_fourier/share/ros_fourier/package.bash'
[0.779s] INFO:colcon.colcon_core.shell:Creating package script '/workspace/fourier-sim/ros_ws/install/ros_fourier/share/ros_fourier/package.zsh'
[0.779s] Level 1:colcon.colcon_core.environment:create_file_with_runtime_dependencies(/workspace/fourier-sim/ros_ws/install/ros_fourier/share/colcon-core/packages/ros_fourier)
[0.779s] DEBUG:colcon.colcon_parallel_executor.executor.parallel:closing loop
[0.779s] DEBUG:colcon.colcon_parallel_executor.executor.parallel:loop closed
[0.779s] DEBUG:colcon.colcon_parallel_executor.executor.parallel:run_until_complete finished with '0'
[0.779s] DEBUG:colcon.colcon_core.event_reactor:joining thread
[0.784s] INFO:colcon.colcon_core.plugin_system:Skipping extension 'colcon_notification.desktop_notification.notify_send': Could not find 'notify-send'
[0.784s] INFO:colcon.colcon_core.plugin_system:Skipping extension 'colcon_notification.desktop_notification.terminal_notifier': Not used on non-Darwin systems
[0.784s] INFO:colcon.colcon_core.plugin_system:Skipping extension 'colcon_notification.desktop_notification.win32': Not used on non-Windows systems
[0.784s] INFO:colcon.colcon_notification.desktop_notification:Sending desktop notification using 'notify2'
[0.786s] DEBUG:colcon.colcon_notification.desktop_notification.notify2:Failed to initialize notify2: org.freedesktop.DBus.Error.Spawn.ExecFailed: /usr/bin/dbus-launch terminated abnormally without any error message
[0.786s] DEBUG:colcon.colcon_core.event_reactor:joined thread
[0.786s] INFO:colcon.colcon_core.shell:Creating prefix script '/workspace/fourier-sim/ros_ws/install/local_setup.ps1'
[0.787s] INFO:colcon.colcon_core.shell:Creating prefix util module '/workspace/fourier-sim/ros_ws/install/_local_setup_util_ps1.py'
[0.788s] INFO:colcon.colcon_core.shell:Creating prefix chain script '/workspace/fourier-sim/ros_ws/install/setup.ps1'
[0.788s] INFO:colcon.colcon_core.shell:Creating prefix script '/workspace/fourier-sim/ros_ws/install/local_setup.sh'
[0.789s] INFO:colcon.colcon_core.shell:Creating prefix util module '/workspace/fourier-sim/ros_ws/install/_local_setup_util_sh.py'
[0.789s] INFO:colcon.colcon_core.shell:Creating prefix chain script '/workspace/fourier-sim/ros_ws/install/setup.sh'
[0.790s] INFO:colcon.colcon_core.shell:Creating prefix script '/workspace/fourier-sim/ros_ws/install/local_setup.bash'
[0.790s] INFO:colcon.colcon_core.shell:Creating prefix chain script '/workspace/fourier-sim/ros_ws/install/setup.bash'
[0.790s] INFO:colcon.colcon_core.shell:Creating prefix script '/workspace/fourier-sim/ros_ws/install/local_setup.zsh'
[0.791s] INFO:colcon.colcon_core.shell:Creating prefix chain script '/workspace/fourier-sim/ros_ws/install/setup.zsh'
