[0.007s] Invoking command in '/workspace/fourier-sim/ros_ws/build/ros_fourier': CMAKE_PREFIX_PATH=${CMAKE_PREFIX_PATH}:/opt/ros/humble /usr/bin/cmake --build /workspace/fourier-sim/ros_ws/build/ros_fourier -- -j16 -l16
[0.149s] -- Found ament_cmake: 1.3.12 (/opt/ros/humble/share/ament_cmake/cmake)
[0.236s] -- Found rclpy: 3.3.17 (/opt/ros/humble/share/rclpy/cmake)
[0.237s] -- Found geometry_msgs: 4.9.0 (/opt/ros/humble/share/geometry_msgs/cmake)
[0.266s] -- Found rosidl_generator_c: 3.1.7 (/opt/ros/humble/share/rosidl_generator_c/cmake)
[0.269s] -- Found rosidl_adapter: 3.1.7 (/opt/ros/humble/share/rosidl_adapter/cmake)
[0.276s] -- Found rosidl_generator_cpp: 3.1.7 (/opt/ros/humble/share/rosidl_generator_cpp/cmake)
[0.286s] -- Using all available rosidl_typesupport_c: rosidl_typesupport_fastrtps_c;rosidl_typesupport_introspection_c
[0.297s] -- Using all available rosidl_typesupport_cpp: rosidl_typesupport_fastrtps_cpp;rosidl_typesupport_introspection_cpp
[0.325s] -- Found sensor_msgs: 4.9.0 (/opt/ros/humble/share/sensor_msgs/cmake)
[0.336s] -- Found ament_lint_auto: 0.12.14 (/opt/ros/humble/share/ament_lint_auto/cmake)
[0.404s] -- Added test 'flake8' to check Python code syntax and style conventions
[0.405s] -- Added test 'lint_cmake' to check CMake code style
[0.406s] -- Added test 'pep257' to check Python code against some of the docstring style conventions in PEP 257
[0.407s] -- Added test 'xmllint' to check XML markup files
[0.410s] -- Configuring done
[0.471s] -- Generating done
[0.476s] -- Build files have been written to: /workspace/fourier-sim/ros_ws/build/ros_fourier
[0.506s] Invoked command in '/workspace/fourier-sim/ros_ws/build/ros_fourier' returned '0': CMAKE_PREFIX_PATH=${CMAKE_PREFIX_PATH}:/opt/ros/humble /usr/bin/cmake --build /workspace/fourier-sim/ros_ws/build/ros_fourier -- -j16 -l16
[0.518s] Invoking command in '/workspace/fourier-sim/ros_ws/build/ros_fourier': CMAKE_PREFIX_PATH=${CMAKE_PREFIX_PATH}:/opt/ros/humble /usr/bin/cmake --install /workspace/fourier-sim/ros_ws/build/ros_fourier
[0.529s] -- Install configuration: ""
[0.529s] -- Installing: /workspace/fourier-sim/ros_ws/install/ros_fourier/share/ros_fourier/scripts
[0.530s] [31mCMake Error at cmake_install.cmake:46 (file):
[0.530s]   file INSTALL cannot find
[0.530s]   "/workspace/fourier-sim/ros_ws/src/ros_fourier/launch": No such file or
[0.530s]   directory.
[0.530s] 
[0.531s] [0m
[0.531s] -- Installing: /workspace/fourier-sim/ros_ws/install/ros_fourier/share/ros_fourier/scripts/ros_fourier_controller.py
[0.532s] Invoked command in '/workspace/fourier-sim/ros_ws/build/ros_fourier' returned '1': CMAKE_PREFIX_PATH=${CMAKE_PREFIX_PATH}:/opt/ros/humble /usr/bin/cmake --install /workspace/fourier-sim/ros_ws/build/ros_fourier
