[0.005s] Invoking command in '/fourier-sim/ros_ws/build/h1_fullbody_controller': CMAKE_PREFIX_PATH=${CMAKE_PREFIX_PATH}:/opt/ros/jazzy /usr/bin/cmake /fourier-sim/ros_ws/src/humanoid_locomotion_policy_example/h1_fullbody_controller -DCMAKE_INSTALL_PREFIX=/fourier-sim/ros_ws/install/h1_fullbody_controller
[0.054s] -- The C compiler identification is GNU 13.3.0
[0.092s] -- The CXX compiler identification is GNU 13.3.0
[0.103s] -- Detecting C compiler ABI info
[0.158s] -- Detecting C compiler ABI info - done
[0.164s] -- Check for working C compiler: /usr/bin/cc - skipped
[0.164s] -- Detecting C compile features
[0.165s] -- Detecting C compile features - done
[0.171s] -- Detecting CXX compiler ABI info
[0.231s] -- Detecting CXX compiler ABI info - done
[0.238s] -- Check for working CXX compiler: /usr/bin/c++ - skipped
[0.238s] -- Detecting CXX compile features
[0.238s] -- Detecting CXX compile features - done
[0.240s] -- Found ament_cmake: 2.5.4 (/opt/ros/jazzy/share/ament_cmake/cmake)
[0.317s] -- Found Python3: /opt/venv/bin/python3 (found version "3.12.3") found components: Interpreter 
[0.385s] -- Found rclpy: 7.1.6 (/opt/ros/jazzy/share/rclpy/cmake)
[0.386s] -- Found geometry_msgs: 5.3.6 (/opt/ros/jazzy/share/geometry_msgs/cmake)
[0.412s] -- Found rosidl_generator_c: 4.6.6 (/opt/ros/jazzy/share/rosidl_generator_c/cmake)
[0.421s] -- Found rosidl_generator_cpp: 4.6.6 (/opt/ros/jazzy/share/rosidl_generator_cpp/cmake)
[0.432s] -- Using all available rosidl_typesupport_c: rosidl_typesupport_fastrtps_c;rosidl_typesupport_introspection_c
[0.444s] -- Using all available rosidl_typesupport_cpp: rosidl_typesupport_fastrtps_cpp;rosidl_typesupport_introspection_cpp
[0.476s] -- Found sensor_msgs: 5.3.6 (/opt/ros/jazzy/share/sensor_msgs/cmake)
[0.525s] Traceback (most recent call last):
[0.525s]   File "/opt/ros/jazzy/share/ament_cmake_core/cmake/core/package_xml_2_cmake.py", line 22, in <module>
[0.525s]     from catkin_pkg.package import parse_package_string
[0.525s] ModuleNotFoundError: No module named 'catkin_pkg'
[0.527s] [31mCMake Error at /opt/ros/jazzy/share/ament_cmake_core/cmake/core/ament_package_xml.cmake:95 (message):
[0.527s]   execute_process(/opt/venv/bin/python3
[0.527s]   /opt/ros/jazzy/share/ament_cmake_core/cmake/core/package_xml_2_cmake.py
[0.527s]   /fourier-sim/ros_ws/src/humanoid_locomotion_policy_example/h1_fullbody_controller/package.xml
[0.527s]   /fourier-sim/ros_ws/build/h1_fullbody_controller/ament_cmake_core/package.cmake)
[0.527s]   returned error code 1
[0.527s] Call Stack (most recent call first):
[0.527s]   /opt/ros/jazzy/share/ament_cmake_core/cmake/core/ament_package_xml.cmake:49 (_ament_package_xml)
[0.527s]   /opt/ros/jazzy/share/ament_cmake_core/cmake/core/ament_package.cmake:63 (ament_package_xml)
[0.527s]   CMakeLists.txt:20 (ament_package)
[0.527s] 
[0.527s] [0m
[0.527s] -- Configuring incomplete, errors occurred!
[0.531s] Invoked command in '/fourier-sim/ros_ws/build/h1_fullbody_controller' returned '1': CMAKE_PREFIX_PATH=${CMAKE_PREFIX_PATH}:/opt/ros/jazzy /usr/bin/cmake /fourier-sim/ros_ws/src/humanoid_locomotion_policy_example/h1_fullbody_controller -DCMAKE_INSTALL_PREFIX=/fourier-sim/ros_ws/install/h1_fullbody_controller
