[0.005s] Invoking command in '/fourier-sim/ros_ws/build/h1_fullbody_controller': CMAKE_PREFIX_PATH=${CMAKE_PREFIX_PATH}:/opt/ros/jazzy /usr/bin/cmake /fourier-sim/ros_ws/src/humanoid_locomotion_policy_example/h1_fullbody_controller -DCMAKE_INSTALL_PREFIX=/fourier-sim/ros_ws/install/h1_fullbody_controller
[0.015s] -- Found ament_cmake: 2.5.4 (/opt/ros/jazzy/share/ament_cmake/cmake)
[0.143s] -- Found rclpy: 7.1.6 (/opt/ros/jazzy/share/rclpy/cmake)
[0.143s] -- Found geometry_msgs: 5.3.6 (/opt/ros/jazzy/share/geometry_msgs/cmake)
[0.160s] -- Found rosidl_generator_c: 4.6.6 (/opt/ros/jazzy/share/rosidl_generator_c/cmake)
[0.166s] -- Found rosidl_generator_cpp: 4.6.6 (/opt/ros/jazzy/share/rosidl_generator_cpp/cmake)
[0.173s] -- Using all available rosidl_typesupport_c: rosidl_typesupport_fastrtps_c;rosidl_typesupport_introspection_c
[0.182s] -- Using all available rosidl_typesupport_cpp: rosidl_typesupport_fastrtps_cpp;rosidl_typesupport_introspection_cpp
[0.210s] -- Found sensor_msgs: 5.3.6 (/opt/ros/jazzy/share/sensor_msgs/cmake)
[0.292s] -- Configuring done (0.3s)
[0.388s] -- Generating done (0.0s)
[0.389s] -- Build files have been written to: /fourier-sim/ros_ws/build/h1_fullbody_controller
[0.392s] Invoked command in '/fourier-sim/ros_ws/build/h1_fullbody_controller' returned '0': CMAKE_PREFIX_PATH=${CMAKE_PREFIX_PATH}:/opt/ros/jazzy /usr/bin/cmake /fourier-sim/ros_ws/src/humanoid_locomotion_policy_example/h1_fullbody_controller -DCMAKE_INSTALL_PREFIX=/fourier-sim/ros_ws/install/h1_fullbody_controller
[0.393s] Invoking command in '/fourier-sim/ros_ws/build/h1_fullbody_controller': CMAKE_PREFIX_PATH=${CMAKE_PREFIX_PATH}:/opt/ros/jazzy /usr/bin/cmake --build /fourier-sim/ros_ws/build/h1_fullbody_controller -- -j16 -l16
[0.418s] Invoked command in '/fourier-sim/ros_ws/build/h1_fullbody_controller' returned '0': CMAKE_PREFIX_PATH=${CMAKE_PREFIX_PATH}:/opt/ros/jazzy /usr/bin/cmake --build /fourier-sim/ros_ws/build/h1_fullbody_controller -- -j16 -l16
[0.424s] Invoking command in '/fourier-sim/ros_ws/build/h1_fullbody_controller': CMAKE_PREFIX_PATH=${CMAKE_PREFIX_PATH}:/opt/ros/jazzy /usr/bin/cmake --install /fourier-sim/ros_ws/build/h1_fullbody_controller
[0.429s] -- Install configuration: ""
[0.429s] -- Installing: /fourier-sim/ros_ws/install/h1_fullbody_controller/share/h1_fullbody_controller/scripts
[0.430s] -- Installing: /fourier-sim/ros_ws/install/h1_fullbody_controller/share/h1_fullbody_controller/scripts/__init__.py
[0.430s] -- Installing: /fourier-sim/ros_ws/install/h1_fullbody_controller/share/h1_fullbody_controller/scripts/h1_fullbody_controller.py
[0.430s] -- Installing: /fourier-sim/ros_ws/install/h1_fullbody_controller/share/h1_fullbody_controller/launch
[0.430s] -- Installing: /fourier-sim/ros_ws/install/h1_fullbody_controller/share/h1_fullbody_controller/launch/h1_fullbody_controller.launch.py
[0.430s] -- Installing: /fourier-sim/ros_ws/install/h1_fullbody_controller/share/h1_fullbody_controller/policy
[0.430s] -- Installing: /fourier-sim/ros_ws/install/h1_fullbody_controller/share/h1_fullbody_controller/policy/h1_policy.pt
[0.430s] -- Installing: /fourier-sim/ros_ws/install/h1_fullbody_controller/share/h1_fullbody_controller/policy/h1_env.yaml
[0.430s] -- Installing: /fourier-sim/ros_ws/install/h1_fullbody_controller/lib/h1_fullbody_controller/h1_fullbody_controller.py
[0.430s] -- Installing: /fourier-sim/ros_ws/install/h1_fullbody_controller/share/ament_index/resource_index/package_run_dependencies/h1_fullbody_controller
[0.430s] -- Installing: /fourier-sim/ros_ws/install/h1_fullbody_controller/share/ament_index/resource_index/parent_prefix_path/h1_fullbody_controller
[0.430s] -- Installing: /fourier-sim/ros_ws/install/h1_fullbody_controller/share/h1_fullbody_controller/environment/ament_prefix_path.sh
[0.431s] -- Installing: /fourier-sim/ros_ws/install/h1_fullbody_controller/share/h1_fullbody_controller/environment/ament_prefix_path.dsv
[0.431s] -- Installing: /fourier-sim/ros_ws/install/h1_fullbody_controller/share/h1_fullbody_controller/environment/path.sh
[0.431s] -- Installing: /fourier-sim/ros_ws/install/h1_fullbody_controller/share/h1_fullbody_controller/environment/path.dsv
[0.431s] -- Installing: /fourier-sim/ros_ws/install/h1_fullbody_controller/share/h1_fullbody_controller/local_setup.bash
[0.431s] -- Installing: /fourier-sim/ros_ws/install/h1_fullbody_controller/share/h1_fullbody_controller/local_setup.sh
[0.431s] -- Installing: /fourier-sim/ros_ws/install/h1_fullbody_controller/share/h1_fullbody_controller/local_setup.zsh
[0.431s] -- Installing: /fourier-sim/ros_ws/install/h1_fullbody_controller/share/h1_fullbody_controller/local_setup.dsv
[0.431s] -- Installing: /fourier-sim/ros_ws/install/h1_fullbody_controller/share/h1_fullbody_controller/package.dsv
[0.431s] -- Installing: /fourier-sim/ros_ws/install/h1_fullbody_controller/share/ament_index/resource_index/packages/h1_fullbody_controller
[0.431s] -- Installing: /fourier-sim/ros_ws/install/h1_fullbody_controller/share/h1_fullbody_controller/cmake/h1_fullbody_controllerConfig.cmake
[0.431s] -- Installing: /fourier-sim/ros_ws/install/h1_fullbody_controller/share/h1_fullbody_controller/cmake/h1_fullbody_controllerConfig-version.cmake
[0.431s] -- Installing: /fourier-sim/ros_ws/install/h1_fullbody_controller/share/h1_fullbody_controller/package.xml
[0.433s] Invoked command in '/fourier-sim/ros_ws/build/h1_fullbody_controller' returned '0': CMAKE_PREFIX_PATH=${CMAKE_PREFIX_PATH}:/opt/ros/jazzy /usr/bin/cmake --install /fourier-sim/ros_ws/build/h1_fullbody_controller
