-- Install configuration: ""
-- Up-to-date: /workspace/fourier-sim/ros_ws/install/ros_fourier/share/ros_fourier/scripts
-- Up-to-date: /workspace/fourier-sim/ros_ws/install/ros_fourier/share/ros_fourier/scripts/ros_fourier_controller.py
-- Installing: /workspace/fourier-sim/ros_ws/install/ros_fourier/share/ros_fourier/launch
-- Installing: /workspace/fourier-sim/ros_ws/install/ros_fourier/share/ros_fourier/policy
-- Installing: /workspace/fourier-sim/ros_ws/install/ros_fourier/share/ros_fourier/policy/2025-11-19_15-17-53
-- Installing: /workspace/fourier-sim/ros_ws/install/ros_fourier/share/ros_fourier/policy/2025-11-19_15-17-53/model_700.pt
-- Installing: /workspace/fourier-sim/ros_ws/install/ros_fourier/share/ros_fourier/policy/2025-11-19_15-17-53/model_550.pt
-- Installing: /workspace/fourier-sim/ros_ws/install/ros_fourier/share/ros_fourier/policy/2025-11-19_15-17-53/git
-- Installing: /workspace/fourier-sim/ros_ws/install/ros_fourier/share/ros_fourier/policy/2025-11-19_15-17-53/git/gr1_train.diff
-- Installing: /workspace/fourier-sim/ros_ws/install/ros_fourier/share/ros_fourier/policy/2025-11-19_15-17-53/model_400.pt
-- Installing: /workspace/fourier-sim/ros_ws/install/ros_fourier/share/ros_fourier/policy/2025-11-19_15-17-53/model_250.pt
-- Installing: /workspace/fourier-sim/ros_ws/install/ros_fourier/share/ros_fourier/policy/2025-11-19_15-17-53/model_200.pt
-- Installing: /workspace/fourier-sim/ros_ws/install/ros_fourier/share/ros_fourier/policy/2025-11-19_15-17-53/model_0.pt
-- Installing: /workspace/fourier-sim/ros_ws/install/ros_fourier/share/ros_fourier/policy/2025-11-19_15-17-53/model_600.pt
-- Installing: /workspace/fourier-sim/ros_ws/install/ros_fourier/share/ros_fourier/policy/2025-11-19_15-17-53/model_100.pt
-- Installing: /workspace/fourier-sim/ros_ws/install/ros_fourier/share/ros_fourier/policy/2025-11-19_15-17-53/model_750.pt
-- Installing: /workspace/fourier-sim/ros_ws/install/ros_fourier/share/ros_fourier/policy/2025-11-19_15-17-53/model_799.pt
-- Installing: /workspace/fourier-sim/ros_ws/install/ros_fourier/share/ros_fourier/policy/2025-11-19_15-17-53/model_50.pt
-- Installing: /workspace/fourier-sim/ros_ws/install/ros_fourier/share/ros_fourier/policy/2025-11-19_15-17-53/model_500.pt
-- Installing: /workspace/fourier-sim/ros_ws/install/ros_fourier/share/ros_fourier/policy/2025-11-19_15-17-53/model_650.pt
-- Installing: /workspace/fourier-sim/ros_ws/install/ros_fourier/share/ros_fourier/policy/2025-11-19_15-17-53/model_150.pt
-- Installing: /workspace/fourier-sim/ros_ws/install/ros_fourier/share/ros_fourier/policy/2025-11-19_15-17-53/exported
-- Installing: /workspace/fourier-sim/ros_ws/install/ros_fourier/share/ros_fourier/policy/2025-11-19_15-17-53/exported/policy.pt
-- Installing: /workspace/fourier-sim/ros_ws/install/ros_fourier/share/ros_fourier/policy/2025-11-19_15-17-53/exported/policy.onnx
-- Installing: /workspace/fourier-sim/ros_ws/install/ros_fourier/share/ros_fourier/policy/2025-11-19_15-17-53/events.out.tfevents.1763565476.hrisim.234209.0
-- Installing: /workspace/fourier-sim/ros_ws/install/ros_fourier/share/ros_fourier/policy/2025-11-19_15-17-53/model_300.pt
-- Installing: /workspace/fourier-sim/ros_ws/install/ros_fourier/share/ros_fourier/policy/2025-11-19_15-17-53/model_450.pt
-- Installing: /workspace/fourier-sim/ros_ws/install/ros_fourier/share/ros_fourier/policy/2025-11-19_15-17-53/params
-- Installing: /workspace/fourier-sim/ros_ws/install/ros_fourier/share/ros_fourier/policy/2025-11-19_15-17-53/params/env.pkl
-- Installing: /workspace/fourier-sim/ros_ws/install/ros_fourier/share/ros_fourier/policy/2025-11-19_15-17-53/params/agent.yaml
-- Installing: /workspace/fourier-sim/ros_ws/install/ros_fourier/share/ros_fourier/policy/2025-11-19_15-17-53/params/env.yaml
-- Installing: /workspace/fourier-sim/ros_ws/install/ros_fourier/share/ros_fourier/policy/2025-11-19_15-17-53/params/agent.pkl
-- Installing: /workspace/fourier-sim/ros_ws/install/ros_fourier/share/ros_fourier/policy/2025-11-19_15-17-53/model_350.pt
-- Installing: /workspace/fourier-sim/ros_ws/install/ros_fourier/lib/ros_fourier/ros_fourier_controller.py
-- Up-to-date: /workspace/fourier-sim/ros_ws/install/ros_fourier/share/ament_index/resource_index/package_run_dependencies/ros_fourier
-- Installing: /workspace/fourier-sim/ros_ws/install/ros_fourier/share/ament_index/resource_index/parent_prefix_path/ros_fourier
-- Up-to-date: /workspace/fourier-sim/ros_ws/install/ros_fourier/share/ros_fourier/environment/ament_prefix_path.sh
-- Installing: /workspace/fourier-sim/ros_ws/install/ros_fourier/share/ros_fourier/environment/ament_prefix_path.dsv
-- Up-to-date: /workspace/fourier-sim/ros_ws/install/ros_fourier/share/ros_fourier/environment/path.sh
-- Installing: /workspace/fourier-sim/ros_ws/install/ros_fourier/share/ros_fourier/environment/path.dsv
-- Up-to-date: /workspace/fourier-sim/ros_ws/install/ros_fourier/share/ros_fourier/local_setup.bash
-- Up-to-date: /workspace/fourier-sim/ros_ws/install/ros_fourier/share/ros_fourier/local_setup.sh
-- Up-to-date: /workspace/fourier-sim/ros_ws/install/ros_fourier/share/ros_fourier/local_setup.zsh
-- Installing: /workspace/fourier-sim/ros_ws/install/ros_fourier/share/ros_fourier/local_setup.dsv
-- Up-to-date: /workspace/fourier-sim/ros_ws/install/ros_fourier/share/ros_fourier/package.dsv
-- Up-to-date: /workspace/fourier-sim/ros_ws/install/ros_fourier/share/ament_index/resource_index/packages/ros_fourier
-- Up-to-date: /workspace/fourier-sim/ros_ws/install/ros_fourier/share/ros_fourier/cmake/ros_fourierConfig.cmake
-- Up-to-date: /workspace/fourier-sim/ros_ws/install/ros_fourier/share/ros_fourier/cmake/ros_fourierConfig-version.cmake
-- Up-to-date: /workspace/fourier-sim/ros_ws/install/ros_fourier/share/ros_fourier/package.xml
