[0.006s] Invoking command in '/workspace/fourier-sim/ros_ws/build/ros_fourier': CMAKE_PREFIX_PATH=${CMAKE_PREFIX_PATH}:/opt/ros/humble /usr/bin/cmake --build /workspace/fourier-sim/ros_ws/build/ros_fourier -- -j16 -l16
[0.028s] Invoked command in '/workspace/fourier-sim/ros_ws/build/ros_fourier' returned '0': CMAKE_PREFIX_PATH=${CMAKE_PREFIX_PATH}:/opt/ros/humble /usr/bin/cmake --build /workspace/fourier-sim/ros_ws/build/ros_fourier -- -j16 -l16
[0.035s] Invoking command in '/workspace/fourier-sim/ros_ws/build/ros_fourier': CMAKE_PREFIX_PATH=${CMAKE_PREFIX_PATH}:/opt/ros/humble /usr/bin/cmake --install /workspace/fourier-sim/ros_ws/build/ros_fourier
[0.041s] -- Install configuration: ""
[0.041s] -- Up-to-date: /workspace/fourier-sim/ros_ws/install/ros_fourier/share/ros_fourier/scripts
[0.041s] -- Up-to-date: /workspace/fourier-sim/ros_ws/install/ros_fourier/share/ros_fourier/scripts/ros_fourier_controller.py
[0.041s] -- Installing: /workspace/fourier-sim/ros_ws/install/ros_fourier/share/ros_fourier/launch
[0.041s] -- Installing: /workspace/fourier-sim/ros_ws/install/ros_fourier/share/ros_fourier/policy
[0.041s] -- Installing: /workspace/fourier-sim/ros_ws/install/ros_fourier/share/ros_fourier/policy/2025-11-19_15-17-53
[0.041s] -- Installing: /workspace/fourier-sim/ros_ws/install/ros_fourier/share/ros_fourier/policy/2025-11-19_15-17-53/model_700.pt
[0.041s] -- Installing: /workspace/fourier-sim/ros_ws/install/ros_fourier/share/ros_fourier/policy/2025-11-19_15-17-53/model_550.pt
[0.041s] -- Installing: /workspace/fourier-sim/ros_ws/install/ros_fourier/share/ros_fourier/policy/2025-11-19_15-17-53/git
[0.041s] -- Installing: /workspace/fourier-sim/ros_ws/install/ros_fourier/share/ros_fourier/policy/2025-11-19_15-17-53/git/gr1_train.diff
[0.041s] -- Installing: /workspace/fourier-sim/ros_ws/install/ros_fourier/share/ros_fourier/policy/2025-11-19_15-17-53/model_400.pt
[0.042s] -- Installing: /workspace/fourier-sim/ros_ws/install/ros_fourier/share/ros_fourier/policy/2025-11-19_15-17-53/model_250.pt
[0.042s] -- Installing: /workspace/fourier-sim/ros_ws/install/ros_fourier/share/ros_fourier/policy/2025-11-19_15-17-53/model_200.pt
[0.042s] -- Installing: /workspace/fourier-sim/ros_ws/install/ros_fourier/share/ros_fourier/policy/2025-11-19_15-17-53/model_0.pt
[0.042s] -- Installing: /workspace/fourier-sim/ros_ws/install/ros_fourier/share/ros_fourier/policy/2025-11-19_15-17-53/model_600.pt
[0.042s] -- Installing: /workspace/fourier-sim/ros_ws/install/ros_fourier/share/ros_fourier/policy/2025-11-19_15-17-53/model_100.pt
[0.042s] -- Installing: /workspace/fourier-sim/ros_ws/install/ros_fourier/share/ros_fourier/policy/2025-11-19_15-17-53/model_750.pt
[0.043s] -- Installing: /workspace/fourier-sim/ros_ws/install/ros_fourier/share/ros_fourier/policy/2025-11-19_15-17-53/model_799.pt
[0.043s] -- Installing: /workspace/fourier-sim/ros_ws/install/ros_fourier/share/ros_fourier/policy/2025-11-19_15-17-53/model_50.pt
[0.043s] -- Installing: /workspace/fourier-sim/ros_ws/install/ros_fourier/share/ros_fourier/policy/2025-11-19_15-17-53/model_500.pt
[0.043s] -- Installing: /workspace/fourier-sim/ros_ws/install/ros_fourier/share/ros_fourier/policy/2025-11-19_15-17-53/model_650.pt
[0.043s] -- Installing: /workspace/fourier-sim/ros_ws/install/ros_fourier/share/ros_fourier/policy/2025-11-19_15-17-53/model_150.pt
[0.043s] -- Installing: /workspace/fourier-sim/ros_ws/install/ros_fourier/share/ros_fourier/policy/2025-11-19_15-17-53/exported
[0.043s] -- Installing: /workspace/fourier-sim/ros_ws/install/ros_fourier/share/ros_fourier/policy/2025-11-19_15-17-53/exported/policy.pt
[0.043s] -- Installing: /workspace/fourier-sim/ros_ws/install/ros_fourier/share/ros_fourier/policy/2025-11-19_15-17-53/exported/policy.onnx
[0.043s] -- Installing: /workspace/fourier-sim/ros_ws/install/ros_fourier/share/ros_fourier/policy/2025-11-19_15-17-53/events.out.tfevents.1763565476.hrisim.234209.0
[0.044s] -- Installing: /workspace/fourier-sim/ros_ws/install/ros_fourier/share/ros_fourier/policy/2025-11-19_15-17-53/model_300.pt
[0.044s] -- Installing: /workspace/fourier-sim/ros_ws/install/ros_fourier/share/ros_fourier/policy/2025-11-19_15-17-53/model_450.pt
[0.044s] -- Installing: /workspace/fourier-sim/ros_ws/install/ros_fourier/share/ros_fourier/policy/2025-11-19_15-17-53/params
[0.044s] -- Installing: /workspace/fourier-sim/ros_ws/install/ros_fourier/share/ros_fourier/policy/2025-11-19_15-17-53/params/env.pkl
[0.044s] -- Installing: /workspace/fourier-sim/ros_ws/install/ros_fourier/share/ros_fourier/policy/2025-11-19_15-17-53/params/agent.yaml
[0.044s] -- Installing: /workspace/fourier-sim/ros_ws/install/ros_fourier/share/ros_fourier/policy/2025-11-19_15-17-53/params/env.yaml
[0.044s] -- Installing: /workspace/fourier-sim/ros_ws/install/ros_fourier/share/ros_fourier/policy/2025-11-19_15-17-53/params/agent.pkl
[0.044s] -- Installing: /workspace/fourier-sim/ros_ws/install/ros_fourier/share/ros_fourier/policy/2025-11-19_15-17-53/model_350.pt
[0.045s] -- Installing: /workspace/fourier-sim/ros_ws/install/ros_fourier/lib/ros_fourier/ros_fourier_controller.py
[0.045s] -- Up-to-date: /workspace/fourier-sim/ros_ws/install/ros_fourier/share/ament_index/resource_index/package_run_dependencies/ros_fourier
[0.045s] -- Installing: /workspace/fourier-sim/ros_ws/install/ros_fourier/share/ament_index/resource_index/parent_prefix_path/ros_fourier
[0.045s] -- Up-to-date: /workspace/fourier-sim/ros_ws/install/ros_fourier/share/ros_fourier/environment/ament_prefix_path.sh
[0.045s] -- Installing: /workspace/fourier-sim/ros_ws/install/ros_fourier/share/ros_fourier/environment/ament_prefix_path.dsv
[0.045s] -- Up-to-date: /workspace/fourier-sim/ros_ws/install/ros_fourier/share/ros_fourier/environment/path.sh
[0.045s] -- Installing: /workspace/fourier-sim/ros_ws/install/ros_fourier/share/ros_fourier/environment/path.dsv
[0.045s] -- Up-to-date: /workspace/fourier-sim/ros_ws/install/ros_fourier/share/ros_fourier/local_setup.bash
[0.045s] -- Up-to-date: /workspace/fourier-sim/ros_ws/install/ros_fourier/share/ros_fourier/local_setup.sh
[0.045s] -- Up-to-date: /workspace/fourier-sim/ros_ws/install/ros_fourier/share/ros_fourier/local_setup.zsh
[0.045s] -- Installing: /workspace/fourier-sim/ros_ws/install/ros_fourier/share/ros_fourier/local_setup.dsv
[0.045s] -- Up-to-date: /workspace/fourier-sim/ros_ws/install/ros_fourier/share/ros_fourier/package.dsv
[0.045s] -- Up-to-date: /workspace/fourier-sim/ros_ws/install/ros_fourier/share/ament_index/resource_index/packages/ros_fourier
[0.045s] -- Up-to-date: /workspace/fourier-sim/ros_ws/install/ros_fourier/share/ros_fourier/cmake/ros_fourierConfig.cmake
[0.045s] -- Up-to-date: /workspace/fourier-sim/ros_ws/install/ros_fourier/share/ros_fourier/cmake/ros_fourierConfig-version.cmake
[0.045s] -- Up-to-date: /workspace/fourier-sim/ros_ws/install/ros_fourier/share/ros_fourier/package.xml
[0.046s] Invoked command in '/workspace/fourier-sim/ros_ws/build/ros_fourier' returned '0': CMAKE_PREFIX_PATH=${CMAKE_PREFIX_PATH}:/opt/ros/humble /usr/bin/cmake --install /workspace/fourier-sim/ros_ws/build/ros_fourier
